SF:lib/core/services/s57/iso8211_coercion.dart
DA:14,1
DA:15,1
DA:18,1
DA:22,1
DA:26,1
DA:33,1
DA:35,1
DA:38,1
DA:41,2
DA:48,1
DA:49,1
DA:51,1
DA:52,1
DA:59,1
DA:60,1
DA:61,1
DA:63,5
DA:64,3
DA:73,1
DA:74,2
DA:77,2
DA:78,1
DA:79,1
DA:86,1
DA:87,2
DA:90,2
DA:91,1
DA:92,1
DA:99,1
DA:100,1
DA:104,2
DA:105,2
DA:106,1
DA:107,2
DA:108,2
DA:109,1
DA:110,2
DA:111,1
DA:115,2
DA:116,1
DA:123,1
DA:124,1
DA:127,2
DA:128,1
DA:132,2
DA:134,2
DA:135,1
DA:142,2
DA:144,2
DA:145,1
DA:152,1
LF:51
LH:51
end_of_record
