SF:lib\core\services\noaa\chart_catalog_service.dart
DA:34,1
DA:40,1
DA:42,2
DA:43,1
DA:47,3
DA:49,1
DA:50,2
DA:54,2
DA:55,1
DA:60,3
DA:66,1
DA:69,4
DA:71,2
DA:72,1
DA:73,1
DA:74,2
DA:76,3
DA:79,2
DA:81,4
DA:83,4
DA:84,1
DA:85,0
DA:89,1
DA:91,1
DA:94,1
DA:97,3
DA:101,2
DA:104,2
DA:105,1
DA:109,2
DA:110,1
DA:112,1
DA:114,2
DA:116,1
DA:118,4
DA:119,1
DA:122,0
DA:127,4
DA:130,0
DA:131,0
DA:132,0
DA:136,1
DA:139,3
DA:143,2
DA:146,0
DA:147,0
DA:151,2
DA:152,1
DA:154,1
DA:156,2
DA:158,1
DA:162,4
DA:168,2
DA:169,2
DA:170,1
DA:171,5
DA:175,1
DA:176,6
DA:185,1
DA:188,0
DA:193,4
DA:196,0
DA:197,0
DA:198,0
DA:202,1
DA:205,3
DA:208,2
DA:210,2
DA:213,2
DA:214,1
DA:215,0
DA:220,1
DA:223,2
DA:225,1
DA:227,0
DA:228,0
DA:231,1
DA:232,1
DA:234,1
DA:235,2
DA:237,3
DA:240,0
LF:82
LH:67
end_of_record
SF:lib\core\models\chart.dart
DA:10,0
DA:11,0
DA:12,0
DA:14,0
DA:15,0
DA:20,0
DA:21,0
DA:25,0
DA:27,0
DA:30,0
DA:31,0
DA:32,0
DA:33,0
DA:35,0
DA:36,0
DA:38,0
DA:39,0
DA:52,0
DA:54,0
DA:56,0
DA:58,0
DA:60,0
DA:62,0
DA:64,0
DA:70,0
DA:72,0
DA:73,0
DA:74,0
DA:75,0
DA:76,0
DA:77,0
DA:78,0
DA:79,0
DA:80,0
DA:81,0
DA:82,0
DA:83,0
DA:102,4
DA:114,8
DA:115,0
DA:120,0
DA:121,0
DA:122,0
DA:123,0
DA:126,0
DA:127,0
DA:131,0
DA:132,0
DA:133,0
DA:135,0
DA:137,0
DA:139,0
DA:141,0
DA:143,0
DA:148,0
DA:151,0
DA:152,0
DA:153,0
DA:154,0
DA:155,0
DA:156,0
DA:157,0
DA:158,0
DA:159,0
DA:160,0
DA:161,0
DA:162,0
DA:164,0
DA:166,0
DA:167,0
DA:168,0
DA:169,0
DA:170,0
DA:171,0
DA:172,0
DA:173,0
DA:174,0
DA:175,0
DA:177,0
DA:179,0
DA:183,0
DA:195,0
DA:196,0
DA:197,0
DA:198,0
DA:199,0
DA:200,0
DA:201,0
DA:202,0
DA:203,0
DA:204,0
DA:205,0
DA:210,1
DA:211,1
DA:212,1
DA:213,1
DA:214,1
DA:215,1
DA:216,2
DA:217,2
DA:218,2
DA:219,2
DA:221,2
DA:222,1
DA:223,5
DA:224,1
DA:225,1
DA:226,1
DA:231,1
DA:232,1
DA:233,1
DA:234,1
DA:235,1
DA:236,1
DA:237,2
DA:238,2
DA:239,2
DA:240,2
DA:242,2
DA:243,1
DA:244,2
DA:245,1
DA:246,1
DA:247,1
LF:124
LH:34
end_of_record
SF:lib\core\models\geographic_bounds.dart
DA:12,4
DA:18,12
DA:19,0
DA:21,12
DA:22,0
DA:24,20
DA:25,0
DA:27,20
DA:28,0
DA:30,20
DA:31,0
DA:33,20
DA:34,0
DA:39,0
DA:40,0
DA:41,0
DA:45,0
DA:48,0
DA:55,0
DA:58,0
DA:59,0
DA:60,0
DA:61,0
DA:65,0
DA:68,0
DA:69,0
DA:70,0
DA:71,0
DA:75,0
DA:77,0
DA:80,0
DA:81,0
DA:82,0
DA:83,0
DA:84,0
DA:85,0
DA:87,0
DA:89,0
DA:90,0
DA:91,0
DA:92,0
DA:94,0
DA:96,0
DA:100,0
DA:106,0
DA:107,0
DA:108,0
DA:109,0
DA:110,0
LF:49
LH:7
end_of_record
SF:lib\core\logging\app_logger.dart
DA:12,0
DA:14,0
DA:16,0
DA:18,0
DA:20,0
DA:26,0
DA:28,0
DA:30,0
DA:31,0
DA:32,0
DA:62,4
DA:68,0
DA:70,0
DA:73,0
DA:75,0
DA:78,0
DA:80,0
DA:83,0
DA:85,0
DA:88,0
DA:90,0
DA:92,0
DA:93,0
DA:94,0
DA:98,0
DA:100,0
DA:103,0
DA:105,0
DA:108,0
DA:109,0
DA:110,0
DA:111,0
DA:112,0
DA:116,0
DA:119,0
DA:120,0
DA:124,0
DA:128,0
DA:132,0
DA:138,4
DA:140,0
DA:143,0
DA:146,0
DA:149,0
DA:152,0
DA:159,0
DA:164,0
DA:176,0
LF:48
LH:2
end_of_record
SF:lib\core\error\app_error.dart
DA:13,0
DA:15,0
DA:16,0
DA:18,0
DA:19,0
DA:20,0
DA:21,0
DA:27,0
DA:29,0
DA:30,0
DA:32,0
DA:33,0
DA:35,0
DA:37,0
DA:51,0
DA:53,0
DA:55,0
DA:57,0
DA:59,0
DA:75,3
DA:82,0
DA:85,3
DA:92,3
DA:97,3
DA:103,1
DA:104,1
DA:113,2
DA:114,2
DA:123,0
DA:124,0
DA:132,0
DA:133,0
DA:141,1
DA:142,1
DA:151,0
DA:152,0
DA:161,0
DA:164,0
DA:166,0
DA:168,0
DA:169,0
DA:171,0
DA:172,0
DA:175,0
DA:176,0
DA:179,0
DA:182,0
DA:185,0
DA:186,0
DA:187,0
DA:188,0
DA:189,0
DA:190,0
DA:192,0
DA:194,0
DA:195,0
DA:196,0
DA:197,0
DA:200,0
DA:208,0
DA:209,0
DA:210,0
DA:211,0
DA:212,0
DA:213,0
DA:214,0
LF:66
LH:10
end_of_record
SF:lib\core\models\route.dart
DA:16,0
DA:24,0
DA:25,0
DA:26,0
DA:31,0
DA:37,0
DA:42,0
DA:47,0
DA:48,0
DA:51,0
DA:52,0
DA:58,0
DA:61,0
DA:64,0
DA:65,0
DA:66,0
DA:70,0
DA:71,0
DA:77,0
DA:78,0
DA:79,0
DA:89,0
DA:90,0
DA:93,0
DA:96,0
DA:97,0
DA:98,0
DA:105,0
DA:106,0
DA:109,0
DA:113,0
DA:114,0
DA:118,0
DA:120,0
DA:126,0
DA:129,0
DA:130,0
DA:131,0
DA:132,0
DA:133,0
DA:134,0
DA:135,0
DA:136,0
DA:137,0
DA:139,0
DA:141,0
DA:142,0
DA:143,0
DA:144,0
DA:145,0
DA:146,0
DA:147,0
DA:149,0
DA:151,0
DA:152,0
DA:153,0
DA:154,0
DA:158,0
DA:167,0
DA:168,0
DA:169,0
DA:170,0
DA:171,0
DA:172,0
DA:173,0
DA:174,0
LF:66
LH:0
end_of_record
SF:lib\core\models\waypoint.dart
DA:14,0
DA:16,0
DA:18,0
DA:20,0
DA:22,0
DA:24,0
DA:26,0
DA:32,0
DA:34,0
DA:36,0
DA:38,0
DA:40,0
DA:42,0
DA:44,0
DA:50,0
DA:52,0
DA:54,0
DA:56,0
DA:58,0
DA:60,0
DA:62,0
DA:80,0
DA:89,0
DA:90,0
DA:91,0
DA:93,0
DA:94,0
DA:99,0
DA:107,0
DA:114,0
DA:119,0
DA:120,0
DA:121,0
DA:122,0
DA:123,0
DA:128,0
DA:129,0
DA:133,0
DA:134,0
DA:138,0
DA:139,0
DA:142,0
DA:145,0
DA:146,0
DA:147,0
DA:148,0
DA:149,0
DA:150,0
DA:151,0
DA:152,0
DA:153,0
DA:154,0
DA:156,0
DA:158,0
DA:159,0
DA:160,0
DA:161,0
DA:162,0
DA:163,0
DA:164,0
DA:165,0
DA:167,0
DA:169,0
DA:170,0
DA:171,0
DA:172,0
DA:176,0
DA:186,0
DA:187,0
DA:188,0
DA:189,0
DA:190,0
DA:191,0
DA:192,0
DA:193,0
DA:194,0
LF:76
LH:0
end_of_record
SF:lib\core\models\gps_position.dart
DA:15,0
DA:24,0
DA:25,0
DA:27,0
DA:28,0
DA:30,0
DA:31,0
DA:33,0
DA:34,0
DA:36,0
DA:37,0
DA:39,0
DA:40,0
DA:45,0
DA:48,0
DA:49,0
DA:50,0
DA:51,0
DA:53,0
DA:54,0
DA:55,0
DA:56,0
DA:58,0
DA:62,0
DA:63,0
DA:64,0
DA:65,0
DA:67,0
DA:68,0
DA:69,0
DA:71,0
DA:72,0
DA:76,0
DA:77,0
DA:81,0
DA:82,0
DA:86,0
DA:87,0
DA:88,0
DA:90,0
DA:91,0
DA:93,0
DA:94,0
DA:96,0
DA:97,0
DA:99,0
DA:100,0
DA:103,0
DA:106,0
DA:107,0
DA:108,0
DA:109,0
DA:110,0
DA:111,0
DA:112,0
DA:113,0
DA:114,0
DA:116,0
DA:118,0
DA:119,0
DA:120,0
DA:121,0
DA:122,0
DA:123,0
DA:124,0
DA:126,0
DA:128,0
DA:129,0
DA:130,0
DA:134,0
DA:143,0
DA:144,0
DA:145,0
DA:146,0
DA:147,0
DA:148,0
DA:149,0
DA:150,0
LF:78
LH:0
end_of_record
SF:lib\core\models\compression_result.dart
DA:11,0
DA:20,0
DA:23,0
DA:26,0
DA:28,0
DA:30,0
DA:31,0
DA:32,0
DA:48,0
DA:50,0
DA:52,0
DA:54,0
DA:60,0
DA:62,0
DA:64,0
DA:66,0
DA:79,0
DA:87,0
DA:88,0
DA:89,0
DA:90,0
DA:94,0
DA:96,0
DA:98,0
DA:110,0
DA:118,0
DA:119,0
DA:121,0
DA:122,0
DA:127,0
DA:131,0
DA:133,0
DA:134,0
DA:135,0
LF:34
LH:0
end_of_record
SF:lib\core\models\gps_signal_quality.dart
DA:41,0
DA:52,0
DA:53,0
DA:56,0
DA:69,0
DA:73,0
DA:77,0
DA:87,0
DA:97,0
DA:102,0
DA:104,0
DA:106,0
DA:107,0
DA:108,0
DA:109,0
DA:112,0
DA:113,0
DA:116,0
DA:117,0
DA:119,0
DA:121,0
DA:128,0
DA:129,0
DA:130,0
DA:132,0
DA:134,0
DA:136,0
DA:138,0
DA:144,0
DA:145,0
DA:147,0
DA:148,0
DA:149,0
DA:150,0
DA:151,0
DA:155,0
DA:158,0
DA:159,0
DA:160,0
DA:161,0
DA:162,0
DA:163,0
DA:164,0
DA:166,0
DA:168,0
DA:169,0
DA:170,0
DA:171,0
DA:172,0
DA:174,0
DA:176,0
DA:177,0
LF:52
LH:0
end_of_record
SF:lib\core\models\position_history.dart
DA:31,4
DA:43,0
DA:44,0
DA:56,0
DA:57,0
DA:61,0
DA:62,0
DA:66,0
DA:67,0
DA:68,0
DA:72,0
DA:73,0
DA:74,0
DA:80,0
DA:82,0
DA:83,0
DA:84,0
DA:85,0
DA:87,0
DA:96,0
DA:109,0
DA:113,0
DA:115,0
DA:116,0
DA:118,0
DA:122,0
DA:125,0
DA:128,0
DA:131,0
DA:132,0
DA:133,0
DA:134,0
DA:135,0
DA:137,0
DA:139,0
DA:143,0
DA:144,0
DA:145,0
DA:146,0
DA:147,0
DA:149,0
DA:151,0
DA:155,0
DA:156,0
DA:158,0
DA:159,0
DA:160,0
DA:162,0
DA:166,0
DA:167,0
DA:168,0
DA:169,0
DA:173,0
DA:174,0
DA:178,0
DA:179,0
DA:180,0
DA:182,0
DA:183,0
DA:184,0
DA:185,0
DA:188,0
DA:191,0
DA:192,0
DA:193,0
DA:194,0
DA:195,0
DA:196,0
DA:198,0
DA:200,0
DA:201,0
DA:202,0
DA:203,0
DA:205,0
DA:207,0
DA:232,0
DA:242,0
DA:247,0
DA:248,0
DA:250,0
DA:251,0
DA:261,0
DA:262,0
DA:263,0
DA:264,0
DA:266,0
DA:267,0
DA:269,0
DA:274,0
DA:279,0
DA:281,0
DA:282,0
DA:283,0
DA:305,4
DA:314,0
DA:318,0
DA:329,0
DA:330,0
DA:331,0
DA:334,0
DA:335,0
DA:338,0
DA:339,0
DA:343,0
DA:344,0
DA:346,0
DA:349,0
DA:353,0
DA:354,0
DA:355,0
DA:361,0
DA:364,0
DA:365,0
DA:367,0
DA:368,0
DA:372,0
DA:373,0
DA:376,0
DA:385,0
DA:387,0
DA:388,0
DA:389,0
DA:416,4
DA:424,0
DA:433,0
DA:434,0
DA:437,0
DA:439,0
DA:441,0
DA:447,0
DA:455,0
DA:457,0
DA:476,0
DA:483,0
DA:485,0
DA:507,0
DA:512,0
DA:514,0
DA:516,0
LF:139
LH:3
end_of_record
SF:lib\core\providers\noaa_providers.dart
DA:9,0
DA:10,0
DA:11,0
DA:16,0
DA:17,0
DA:18,0
DA:19,0
DA:24,0
DA:25,0
DA:26,0
DA:27,0
DA:28,0
DA:33,0
DA:34,0
DA:35,0
DA:36,0
DA:37,0
LF:17
LH:0
end_of_record
SF:lib\core\services\noaa\noaa_chart_discovery_service.dart
DA:30,1
DA:38,1
DA:40,2
DA:41,1
DA:44,3
DA:47,2
DA:48,1
DA:50,2
DA:51,2
DA:53,1
DA:57,4
DA:60,3
DA:65,1
DA:67,2
DA:68,1
DA:71,3
DA:74,1
DA:75,2
DA:77,2
DA:80,0
DA:85,1
DA:87,2
DA:88,1
DA:91,3
DA:94,2
DA:96,0
DA:101,1
DA:103,2
DA:104,1
DA:107,3
DA:109,3
DA:110,2
DA:111,1
DA:112,2
DA:113,2
DA:115,1
DA:119,2
DA:120,1
DA:121,0
DA:123,0
DA:129,1
DA:133,1
DA:135,3
DA:138,2
DA:140,2
LF:45
LH:41
end_of_record
SF:lib\core\services\noaa\state_region_mapping_service.dart
DA:33,0
DA:42,0
DA:43,0
DA:44,0
DA:45,0
DA:46,0
DA:47,0
DA:48,0
DA:49,0
DA:50,0
DA:51,0
DA:52,0
DA:53,0
DA:54,0
DA:55,0
DA:56,0
DA:59,0
DA:62,0
DA:65,0
DA:66,0
DA:69,0
DA:70,0
DA:71,0
DA:76,0
DA:79,0
DA:80,0
DA:81,0
DA:85,0
DA:86,0
DA:87,0
DA:91,0
DA:94,0
DA:97,0
DA:98,0
DA:101,0
DA:102,0
DA:103,0
DA:104,0
DA:105,0
DA:106,0
DA:107,0
DA:113,0
DA:116,0
DA:117,0
DA:118,0
DA:119,0
DA:120,0
DA:122,0
DA:123,0
DA:128,0
DA:129,0
DA:130,0
DA:134,0
DA:137,0
DA:141,0
DA:144,0
DA:145,0
DA:146,0
DA:151,0
DA:154,0
DA:155,0
DA:156,0
DA:160,0
DA:161,0
DA:162,0
DA:166,0
DA:169,0
DA:172,0
DA:173,0
DA:174,0
DA:175,0
DA:177,0
DA:179,0
DA:180,0
DA:181,0
DA:185,0
DA:188,0
DA:191,0
DA:193,0
DA:195,0
DA:196,0
DA:197,0
DA:202,0
DA:205,0
DA:206,0
DA:207,0
DA:208,0
DA:209,0
DA:210,0
DA:212,0
LF:90
LH:0
end_of_record
SF:lib\core\services\noaa\noaa_metadata_parser.dart
DA:25,1
DA:27,1
DA:29,2
DA:30,1
DA:33,1
DA:34,1
DA:36,2
DA:38,1
DA:39,1
DA:41,1
DA:42,4
DA:46,4
DA:47,4
DA:51,1
DA:52,2
DA:54,1
DA:55,1
DA:56,1
DA:57,1
DA:60,1
DA:61,2
DA:64,1
DA:66,0
DA:71,4
DA:75,1
DA:77,1
DA:78,1
DA:80,1
DA:82,1
DA:84,1
DA:86,1
DA:88,1
DA:95,1
DA:97,1
DA:98,1
DA:106,1
DA:107,1
DA:108,2
DA:109,2
DA:110,2
DA:112,1
DA:113,1
DA:114,1
DA:115,1
DA:117,1
DA:118,2
DA:119,1
DA:120,2
DA:121,2
DA:122,2
DA:124,1
DA:125,1
DA:126,1
DA:127,1
DA:131,2
DA:134,1
DA:141,1
DA:145,1
DA:147,1
DA:149,2
DA:150,1
DA:151,3
LF:62
LH:61
end_of_record
SF:lib\core\state\providers.dart
DA:38,0
DA:39,0
DA:42,0
DA:43,0
DA:46,0
DA:47,0
DA:48,0
DA:51,0
DA:52,0
DA:57,0
DA:58,0
DA:59,0
DA:60,0
DA:61,0
DA:62,0
DA:67,0
DA:68,0
DA:70,0
DA:71,0
DA:75,0
DA:76,0
DA:77,0
DA:78,0
DA:79,0
DA:80,0
DA:85,0
DA:86,0
DA:88,0
DA:89,0
DA:95,0
DA:96,0
DA:100,0
DA:101,0
DA:102,0
DA:103,0
DA:104,0
DA:109,0
DA:110,0
DA:111,0
DA:116,0
DA:117,0
DA:118,0
DA:119,0
DA:124,0
DA:125,0
DA:126,0
DA:131,0
DA:133,0
DA:135,0
DA:140,0
DA:141,0
DA:142,0
DA:143,0
DA:148,0
DA:149,0
DA:150,0
DA:151,0
DA:156,0
DA:157,0
DA:158,0
DA:159,0
DA:164,0
DA:165,0
DA:168,0
DA:169,0
DA:172,0
DA:173,0
DA:174,0
DA:177,0
DA:178,0
DA:179,0
DA:182,0
DA:183,0
DA:187,0
DA:188,0
DA:194,0
DA:195,0
DA:198,0
DA:199,0
DA:202,0
DA:203,0
DA:206,0
DA:207,0
DA:210,0
DA:211,0
DA:214,0
DA:215,0
DA:218,0
DA:219,0
DA:222,0
DA:223,0
DA:227,0
DA:228,0
DA:231,0
DA:232,0
DA:235,0
DA:236,0
DA:239,0
DA:240,0
DA:243,0
DA:244,0
DA:247,0
DA:248,0
DA:251,0
DA:252,0
DA:256,0
DA:257,0
DA:258,0
DA:261,0
DA:262,0
DA:263,0
DA:266,0
DA:267,0
DA:268,0
DA:269,0
DA:270,0
DA:271,0
DA:272,0
DA:273,0
DA:277,0
DA:278,0
DA:279,0
DA:282,0
DA:283,0
DA:284,0
DA:288,0
DA:291,0
DA:292,0
DA:293,0
DA:297,0
DA:300,0
DA:301,0
DA:302,0
DA:306,0
DA:310,0
DA:311,0
DA:312,0
DA:315,0
DA:316,0
DA:317,0
DA:320,0
DA:321,0
DA:322,0
DA:326,0
DA:327,0
DA:328,0
DA:331,0
DA:332,0
DA:333,0
DA:336,0
DA:337,0
DA:338,0
DA:342,0
DA:343,0
DA:345,0
DA:346,0
DA:347,0
DA:352,0
DA:353,0
DA:356,0
DA:357,0
DA:360,0
DA:361,0
DA:364,0
DA:365,0
DA:368,0
DA:369,0
DA:372,0
DA:373,0
LF:169
LH:0
end_of_record
SF:lib\core\services\background_task_service.dart
DA:42,0
DA:44,0
DA:45,0
LF:3
LH:0
end_of_record
SF:lib\core\services\background_task_service_impl.dart
DA:17,0
DA:22,0
DA:27,0
DA:30,0
DA:34,0
DA:36,0
DA:37,0
DA:41,0
DA:44,0
DA:48,0
DA:53,0
DA:54,0
DA:56,0
DA:57,0
DA:61,0
DA:64,0
DA:65,0
DA:67,0
DA:69,0
DA:70,0
DA:72,0
DA:73,0
DA:77,0
DA:80,0
DA:81,0
DA:82,0
DA:84,0
DA:85,0
DA:89,0
DA:92,0
DA:96,0
DA:101,0
DA:102,0
DA:104,0
DA:105,0
DA:109,0
DA:112,0
DA:113,0
DA:116,0
DA:118,0
DA:119,0
DA:121,0
DA:122,0
DA:126,0
DA:129,0
DA:130,0
DA:131,0
DA:133,0
DA:134,0
DA:138,0
DA:141,0
DA:145,0
DA:150,0
DA:151,0
DA:153,0
DA:154,0
DA:158,0
DA:161,0
DA:162,0
DA:163,0
DA:165,0
DA:166,0
DA:170,0
DA:171,0
DA:176,0
DA:178,0
DA:180,0
DA:181,0
DA:182,0
DA:183,0
DA:184,0
DA:185,0
DA:186,0
DA:187,0
DA:188,0
DA:189,0
DA:191,0
DA:198,0
DA:200,0
DA:205,0
DA:211,0
DA:213,0
DA:215,0
DA:219,0
DA:223,0
DA:229,0
DA:231,0
DA:236,0
DA:242,0
DA:244,0
DA:246,0
DA:250,0
DA:255,0
DA:261,0
DA:263,0
DA:268,0
LF:96
LH:0
end_of_record
SF:lib\core\services\cache_service_impl.dart
DA:26,0
DA:34,0
DA:37,0
DA:39,0
DA:40,0
DA:43,0
DA:46,0
DA:52,0
DA:53,0
DA:54,0
DA:57,0
DA:60,0
DA:61,0
DA:62,0
DA:63,0
DA:64,0
DA:66,0
DA:69,0
DA:73,0
DA:76,0
DA:78,0
DA:79,0
DA:80,0
DA:84,0
DA:87,0
DA:90,0
DA:92,0
DA:97,0
DA:98,0
DA:99,0
DA:104,0
DA:105,0
DA:107,0
DA:108,0
DA:113,0
DA:114,0
DA:120,0
DA:122,0
DA:125,0
DA:130,0
DA:133,0
DA:136,0
DA:141,0
DA:142,0
DA:144,0
DA:149,0
DA:150,0
DA:156,0
DA:161,0
DA:164,0
DA:167,0
DA:170,0
DA:171,0
DA:172,0
DA:174,0
DA:175,0
DA:177,0
DA:178,0
DA:182,0
DA:184,0
DA:186,0
DA:190,0
DA:194,0
DA:197,0
DA:200,0
DA:202,0
DA:205,0
DA:210,0
DA:213,0
DA:215,0
DA:220,0
DA:223,0
DA:226,0
DA:227,0
DA:228,0
DA:231,0
DA:232,0
DA:233,0
DA:238,0
DA:241,0
DA:246,0
DA:249,0
DA:250,0
DA:254,0
DA:255,0
DA:256,0
DA:257,0
DA:260,0
DA:261,0
DA:266,0
DA:270,0
DA:271,0
DA:274,0
DA:275,0
DA:276,0
DA:279,0
DA:280,0
DA:285,0
DA:289,0
DA:290,0
DA:294,0
DA:295,0
DA:297,0
DA:301,0
DA:302,0
DA:304,0
DA:309,0
DA:310,0
DA:313,0
DA:317,0
DA:322,0
DA:325,0
DA:327,0
DA:328,0
DA:330,0
DA:331,0
DA:335,0
DA:336,0
DA:337,0
DA:338,0
DA:341,0
DA:343,0
DA:345,0
DA:346,0
DA:347,0
DA:351,0
DA:353,0
DA:354,0
DA:356,0
DA:357,0
DA:359,0
DA:360,0
DA:362,0
DA:363,0
DA:367,0
DA:369,0
DA:372,0
DA:373,0
DA:376,0
DA:377,0
DA:379,0
DA:382,0
DA:384,0
DA:387,0
DA:392,0
DA:394,0
DA:395,0
DA:398,0
DA:400,0
DA:401,0
DA:402,0
DA:405,0
DA:407,0
DA:410,0
DA:412,0
DA:413,0
DA:416,0
DA:419,0
DA:420,0
DA:423,0
DA:427,0
DA:428,0
DA:434,0
DA:435,0
DA:436,0
DA:437,0
DA:442,0
DA:443,0
LF:168
LH:0
end_of_record
SF:lib\core\services\file_system_service.dart
DA:19,0
DA:22,0
DA:24,0
DA:27,0
DA:28,0
DA:29,0
DA:31,0
DA:33,0
DA:39,0
DA:40,0
DA:44,0
DA:45,0
DA:49,0
DA:50,0
DA:54,0
DA:55,0
DA:57,0
DA:58,0
DA:59,0
DA:60,0
DA:64,0
DA:65,0
DA:67,0
DA:68,0
DA:69,0
DA:70,0
DA:74,0
DA:75,0
DA:77,0
DA:78,0
DA:79,0
DA:80,0
DA:84,0
DA:86,0
DA:87,0
DA:88,0
DA:92,0
DA:98,0
DA:100,0
DA:101,0
DA:104,0
DA:105,0
DA:107,0
DA:108,0
DA:111,0
DA:117,0
DA:119,0
DA:120,0
DA:123,0
DA:124,0
DA:126,0
DA:127,0
DA:130,0
DA:131,0
DA:134,0
DA:140,0
DA:142,0
DA:143,0
DA:146,0
DA:147,0
DA:149,0
DA:150,0
DA:151,0
DA:157,0
DA:163,0
DA:165,0
DA:169,0
DA:170,0
DA:171,0
DA:173,0
DA:179,0
DA:181,0
DA:185,0
DA:186,0
DA:188,0
DA:189,0
DA:190,0
DA:195,0
DA:201,0
DA:203,0
DA:204,0
DA:205,0
DA:207,0
DA:208,0
DA:211,0
DA:217,0
DA:219,0
DA:221,0
DA:222,0
DA:225,0
DA:226,0
DA:229,0
DA:235,0
DA:237,0
DA:238,0
DA:240,0
DA:241,0
DA:242,0
DA:246,0
DA:249,0
DA:250,0
DA:255,0
DA:257,0
DA:259,0
DA:260,0
DA:263,0
DA:266,0
DA:272,0
DA:274,0
DA:277,0
DA:278,0
DA:279,0
DA:280,0
DA:286,0
DA:292,0
DA:293,0
DA:295,0
DA:299,0
DA:301,0
DA:304,0
DA:309,0
DA:317,0
DA:318,0
DA:320,0
DA:321,0
LF:125
LH:0
end_of_record
SF:lib\core\services\chart_service_impl.dart
DA:17,0
DA:23,0
DA:26,0
DA:29,0
DA:30,0
DA:31,0
DA:35,0
DA:37,0
DA:42,0
DA:43,0
DA:46,0
DA:48,0
DA:51,0
DA:52,0
DA:53,0
DA:60,0
DA:65,0
DA:66,0
DA:67,0
DA:70,0
DA:71,0
DA:79,0
DA:82,0
DA:84,0
DA:85,0
DA:89,0
DA:90,0
DA:91,0
DA:92,0
DA:94,0
DA:95,0
DA:103,0
DA:107,0
DA:108,0
DA:115,0
DA:116,0
DA:123,0
DA:124,0
DA:131,0
DA:132,0
DA:133,0
DA:134,0
DA:137,0
DA:138,0
DA:139,0
DA:147,0
DA:151,0
DA:156,0
DA:161,0
DA:162,0
DA:166,0
DA:167,0
DA:168,0
DA:169,0
DA:172,0
DA:177,0
DA:182,0
DA:189,0
DA:195,0
DA:196,0
DA:200,0
DA:204,0
DA:206,0
DA:207,0
DA:208,0
DA:213,0
DA:214,0
DA:217,0
DA:222,0
DA:224,0
DA:227,0
DA:228,0
DA:233,0
DA:234,0
DA:235,0
DA:237,0
DA:239,0
DA:241,0
DA:242,0
DA:243,0
DA:244,0
DA:245,0
DA:247,0
DA:254,0
DA:258,0
DA:261,0
DA:265,0
DA:269,0
DA:273,0
DA:276,0
DA:277,0
DA:279,0
LF:92
LH:0
end_of_record
SF:lib\core\services\compression_service_impl.dart
DA:15,0
DA:17,0
DA:23,0
DA:24,0
DA:25,0
DA:29,0
DA:32,0
DA:35,0
DA:37,0
DA:39,0
DA:40,0
DA:41,0
DA:42,0
DA:43,0
DA:44,0
DA:47,0
DA:49,0
DA:54,0
DA:56,0
DA:61,0
DA:67,0
DA:71,0
DA:73,0
DA:76,0
DA:78,0
DA:80,0
DA:85,0
DA:91,0
DA:93,0
DA:94,0
DA:98,0
DA:101,0
DA:104,0
DA:106,0
DA:107,0
DA:109,0
DA:110,0
DA:111,0
DA:112,0
DA:113,0
DA:114,0
DA:117,0
DA:121,0
DA:123,0
DA:128,0
DA:134,0
DA:135,0
DA:139,0
DA:141,0
DA:142,0
DA:143,0
DA:145,0
DA:146,0
DA:147,0
DA:148,0
DA:149,0
DA:150,0
DA:153,0
DA:157,0
DA:158,0
DA:162,0
DA:168,0
DA:170,0
DA:172,0
DA:174,0
DA:175,0
DA:179,0
DA:185,0
DA:186,0
DA:190,0
DA:193,0
DA:196,0
DA:199,0
DA:200,0
DA:201,0
DA:203,0
DA:204,0
DA:208,0
DA:209,0
DA:211,0
DA:213,0
DA:214,0
DA:215,0
DA:216,0
DA:219,0
DA:221,0
DA:226,0
DA:227,0
DA:231,0
DA:237,0
DA:243,0
DA:244,0
DA:245,0
DA:247,0
DA:249,0
DA:252,0
DA:253,0
DA:256,0
DA:259,0
DA:261,0
DA:262,0
DA:263,0
DA:264,0
DA:265,0
DA:267,0
DA:270,0
DA:274,0
DA:278,0
DA:283,0
DA:284,0
DA:289,0
DA:295,0
DA:296,0
DA:300,0
DA:302,0
DA:303,0
DA:304,0
DA:306,0
DA:307,0
DA:308,0
DA:309,0
DA:310,0
DA:311,0
DA:314,0
DA:318,0
DA:319,0
DA:323,0
DA:329,0
DA:331,0
DA:333,0
DA:335,0
DA:336,0
DA:340,0
DA:342,0
DA:345,0
DA:347,0
DA:348,0
DA:352,0
DA:353,0
DA:354,0
DA:358,0
DA:359,0
DA:360,0
DA:364,0
DA:365,0
DA:368,0
DA:369,0
DA:370,0
DA:371,0
DA:378,0
DA:379,0
DA:380,0
DA:381,0
DA:391,0
DA:392,0
DA:393,0
DA:394,0
DA:395,0
DA:397,0
DA:398,0
DA:400,0
DA:401,0
LF:162
LH:0
end_of_record
SF:lib\core\services\database_storage_service.dart
DA:18,0
DA:31,0
DA:32,0
DA:33,0
DA:34,0
DA:35,0
DA:39,0
DA:40,0
DA:42,0
DA:45,0
DA:46,0
DA:49,0
DA:53,0
DA:54,0
DA:55,0
DA:56,0
DA:60,0
DA:61,0
DA:66,0
DA:68,0
DA:86,0
DA:95,0
DA:107,0
DA:124,0
DA:136,0
DA:143,0
DA:144,0
DA:145,0
DA:146,0
DA:147,0
DA:148,0
DA:152,0
DA:153,0
DA:157,0
DA:159,0
DA:160,0
DA:163,0
DA:166,0
DA:168,0
DA:169,0
DA:170,0
DA:174,0
DA:175,0
DA:176,0
DA:177,0
DA:178,0
DA:179,0
DA:180,0
DA:181,0
DA:182,0
DA:183,0
DA:184,0
DA:185,0
DA:186,0
DA:190,0
DA:191,0
DA:192,0
DA:196,0
DA:198,0
DA:203,0
DA:205,0
DA:208,0
DA:211,0
DA:214,0
DA:216,0
DA:217,0
DA:218,0
DA:220,0
DA:225,0
DA:227,0
DA:230,0
DA:232,0
DA:234,0
DA:237,0
DA:239,0
DA:245,0
DA:246,0
DA:249,0
DA:252,0
DA:255,0
DA:257,0
DA:259,0
DA:265,0
DA:266,0
DA:269,0
DA:271,0
DA:272,0
DA:273,0
DA:274,0
DA:275,0
DA:276,0
DA:277,0
DA:278,0
DA:279,0
DA:280,0
DA:283,0
DA:286,0
DA:288,0
DA:294,0
DA:295,0
DA:298,0
DA:304,0
DA:307,0
DA:309,0
DA:310,0
DA:315,0
DA:316,0
DA:319,0
DA:322,0
DA:325,0
DA:327,0
DA:328,0
DA:334,0
DA:335,0
DA:338,0
DA:340,0
DA:341,0
DA:342,0
DA:343,0
DA:344,0
DA:345,0
DA:346,0
DA:350,0
DA:351,0
DA:352,0
DA:353,0
DA:354,0
DA:355,0
DA:356,0
DA:357,0
DA:358,0
DA:359,0
DA:361,0
DA:362,0
DA:367,0
DA:369,0
DA:375,0
DA:376,0
DA:379,0
DA:382,0
DA:385,0
DA:387,0
DA:390,0
DA:394,0
DA:396,0
DA:398,0
DA:404,0
DA:405,0
DA:408,0
DA:410,0
DA:411,0
DA:412,0
DA:413,0
DA:414,0
DA:417,0
DA:420,0
DA:422,0
DA:428,0
DA:429,0
DA:432,0
DA:433,0
DA:434,0
DA:437,0
DA:442,0
DA:443,0
DA:446,0
DA:447,0
DA:449,0
DA:450,0
DA:451,0
DA:454,0
DA:458,0
DA:459,0
DA:464,0
DA:465,0
DA:471,0
DA:472,0
DA:475,0
DA:476,0
DA:477,0
DA:478,0
DA:479,0
DA:480,0
DA:481,0
DA:484,0
DA:485,0
DA:488,0
DA:490,0
DA:496,0
DA:497,0
DA:500,0
DA:503,0
DA:506,0
DA:507,0
DA:509,0
DA:515,0
DA:516,0
DA:519,0
DA:520,0
DA:521,0
DA:524,0
DA:529,0
DA:531,0
DA:534,0
DA:535,0
DA:539,0
DA:540,0
DA:542,0
DA:543,0
DA:544,0
DA:546,0
DA:550,0
DA:552,0
DA:558,0
DA:560,0
DA:563,0
DA:564,0
DA:568,0
DA:570,0
DA:576,0
DA:578,0
DA:581,0
DA:582,0
DA:584,0
DA:585,0
DA:586,0
DA:587,0
DA:588,0
DA:589,0
DA:590,0
DA:593,0
DA:594,0
DA:597,0
DA:599,0
DA:601,0
DA:607,0
DA:609,0
DA:612,0
DA:613,0
DA:615,0
DA:616,0
DA:621,0
DA:622,0
DA:625,0
DA:628,0
DA:631,0
DA:633,0
DA:634,0
DA:640,0
DA:641,0
DA:644,0
DA:645,0
DA:654,0
DA:656,0
DA:662,0
DA:663,0
DA:666,0
DA:668,0
DA:671,0
DA:674,0
DA:677,0
DA:679,0
DA:685,0
DA:686,0
DA:689,0
DA:690,0
DA:691,0
DA:694,0
DA:699,0
DA:700,0
DA:703,0
DA:706,0
DA:709,0
DA:711,0
DA:717,0
DA:718,0
DA:721,0
DA:724,0
DA:730,0
DA:731,0
DA:736,0
DA:738,0
DA:741,0
DA:742,0
DA:743,0
DA:744,0
DA:748,0
DA:749,0
DA:750,0
DA:751,0
DA:752,0
DA:753,0
DA:757,0
DA:758,0
DA:760,0
DA:763,0
DA:771,0
DA:772,0
DA:776,0
DA:778,0
DA:779,0
DA:782,0
DA:784,0
DA:785,0
DA:788,0
DA:790,0
DA:794,0
DA:795,0
DA:799,0
DA:800,0
DA:801,0
DA:804,0
DA:807,0
DA:810,0
DA:811,0
DA:816,0
DA:822,0
DA:823,0
DA:824,0
DA:825,0
DA:826,0
DA:827,0
DA:828,0
DA:829,0
DA:830,0
DA:831,0
DA:833,0
DA:834,0
DA:835,0
DA:839,0
DA:840,0
DA:841,0
DA:842,0
DA:844,0
DA:845,0
DA:846,0
DA:847,0
DA:849,0
DA:853,0
DA:854,0
DA:855,0
DA:856,0
DA:857,0
DA:858,0
DA:859,0
DA:860,0
DA:861,0
DA:862,0
DA:863,0
DA:869,0
DA:870,0
DA:871,0
DA:872,0
DA:873,0
LF:354
LH:0
end_of_record
SF:lib\core\services\download_service_impl.dart
DA:26,0
DA:36,0
DA:39,0
DA:42,0
DA:43,0
DA:47,0
DA:48,0
DA:51,0
DA:52,0
DA:55,0
DA:58,0
DA:59,0
DA:60,0
DA:63,0
DA:66,0
DA:70,0
DA:71,0
DA:72,0
DA:75,0
DA:76,0
DA:82,0
DA:83,0
DA:84,0
DA:85,0
DA:86,0
DA:91,0
DA:92,0
DA:94,0
DA:98,0
DA:101,0
DA:102,0
DA:108,0
DA:111,0
DA:112,0
DA:118,0
DA:121,0
DA:122,0
DA:123,0
DA:124,0
DA:125,0
DA:128,0
DA:133,0
DA:138,0
DA:139,0
DA:140,0
DA:142,0
DA:145,0
DA:150,0
DA:153,0
DA:154,0
DA:155,0
DA:156,0
DA:157,0
DA:161,0
DA:165,0
DA:166,0
DA:167,0
DA:168,0
DA:169,0
DA:170,0
DA:174,0
DA:177,0
DA:179,0
DA:184,0
DA:186,0
DA:189,0
DA:191,0
DA:193,0
DA:197,0
DA:199,0
DA:207,0
DA:208,0
DA:212,0
DA:213,0
DA:217,0
DA:224,0
DA:227,0
DA:228,0
DA:229,0
DA:230,0
DA:235,0
DA:237,0
DA:238,0
DA:239,0
DA:243,0
DA:244,0
DA:245,0
DA:249,0
DA:253,0
DA:255,0
DA:256,0
DA:258,0
DA:259,0
DA:260,0
DA:265,0
DA:269,0
DA:273,0
DA:274,0
DA:275,0
DA:276,0
DA:277,0
DA:281,0
DA:283,0
DA:284,0
DA:285,0
DA:290,0
DA:291,0
DA:292,0
DA:297,0
DA:298,0
DA:299,0
DA:300,0
DA:302,0
LF:113
LH:0
end_of_record
SF:lib\core\error\error_handler.dart
DA:11,0
DA:26,0
DA:34,0
DA:35,0
DA:36,0
DA:37,0
DA:41,0
DA:42,0
DA:45,0
DA:49,0
DA:50,0
DA:54,0
DA:55,0
DA:58,0
DA:62,0
DA:63,0
DA:67,0
DA:68,0
DA:71,0
DA:79,0
DA:83,0
DA:93,0
DA:96,0
DA:99,0
DA:102,0
DA:103,0
DA:110,0
DA:114,0
DA:115,0
DA:119,0
DA:120,0
DA:121,0
DA:123,0
DA:125,0
DA:127,0
DA:129,0
DA:138,0
DA:139,0
DA:143,0
DA:149,0
DA:151,0
DA:153,0
DA:155,0
DA:157,0
DA:158,0
DA:164,0
DA:165,0
DA:169,0
DA:170,0
DA:175,0
DA:179,0
DA:184,0
LF:52
LH:0
end_of_record
SF:lib\core\state\download_state.dart
DA:16,0
DA:17,0
DA:18,0
DA:19,0
DA:34,0
DA:36,0
DA:47,0
DA:55,0
DA:58,0
DA:66,0
DA:67,0
DA:68,0
DA:69,0
DA:70,0
DA:71,0
DA:72,0
DA:73,0
DA:78,0
DA:79,0
DA:80,0
DA:81,0
DA:82,0
DA:86,0
DA:87,0
DA:90,0
DA:91,0
DA:94,0
DA:97,0
DA:98,0
DA:99,0
DA:100,0
DA:101,0
DA:102,0
DA:103,0
DA:104,0
DA:106,0
DA:108,0
DA:109,0
DA:110,0
DA:111,0
DA:112,0
DA:113,0
DA:115,0
DA:117,0
DA:118,0
DA:119,0
DA:120,0
DA:121,0
DA:134,4
DA:142,0
DA:143,0
DA:146,0
DA:149,0
DA:150,0
DA:153,0
DA:154,0
DA:157,0
DA:158,0
DA:161,0
DA:162,0
DA:163,0
DA:164,0
DA:167,0
DA:173,0
DA:174,0
DA:175,0
DA:176,0
DA:177,0
DA:181,0
DA:184,0
DA:185,0
DA:186,0
DA:187,0
DA:188,0
DA:189,0
DA:191,0
DA:193,0
DA:194,0
DA:195,0
DA:196,0
DA:198,0
DA:200,0
DA:201,0
DA:202,0
DA:203,0
DA:204,0
DA:205,0
DA:215,0
DA:220,0
DA:223,0
DA:225,0
DA:226,0
DA:230,0
DA:235,0
DA:236,0
DA:238,0
DA:240,0
DA:245,0
DA:246,0
DA:248,0
DA:253,0
DA:261,0
DA:263,0
DA:267,0
DA:273,0
DA:276,0
DA:277,0
DA:279,0
DA:281,0
DA:282,0
DA:283,0
DA:284,0
DA:285,0
DA:286,0
DA:287,0
DA:288,0
DA:291,0
DA:296,0
DA:298,0
DA:299,0
DA:300,0
DA:301,0
DA:303,0
DA:308,0
DA:310,0
DA:311,0
DA:312,0
DA:316,0
DA:317,0
DA:318,0
DA:320,0
DA:321,0
DA:323,0
DA:328,0
DA:330,0
DA:331,0
DA:332,0
DA:333,0
DA:335,0
DA:340,0
DA:342,0
DA:343,0
DA:345,0
DA:350,0
DA:352,0
DA:353,0
DA:354,0
DA:356,0
DA:361,0
DA:363,0
DA:364,0
DA:365,0
DA:366,0
DA:367,0
DA:369,0
DA:370,0
DA:372,0
DA:377,0
DA:379,0
DA:380,0
DA:384,0
DA:385,0
DA:386,0
DA:388,0
DA:393,0
DA:394,0
DA:395,0
DA:399,0
DA:400,0
DA:402,0
DA:403,0
DA:405,0
DA:406,0
DA:407,0
DA:408,0
LF:175
LH:1
end_of_record
SF:lib\core\services\http_client_service.dart
DA:12,0
DA:13,0
DA:17,0
DA:20,0
DA:21,0
DA:31,0
DA:41,0
DA:45,0
DA:49,0
DA:51,0
DA:52,0
DA:55,0
DA:60,0
DA:61,0
DA:62,0
DA:63,0
DA:64,0
DA:65,0
DA:66,0
DA:71,0
DA:72,0
DA:74,0
DA:75,0
DA:78,0
DA:79,0
DA:80,0
DA:83,0
DA:85,0
DA:86,0
DA:87,0
DA:90,0
DA:96,0
DA:97,0
DA:98,0
DA:99,0
DA:101,0
DA:102,0
DA:105,0
DA:106,0
DA:112,0
DA:119,0
DA:121,0
DA:123,0
DA:127,0
DA:129,0
DA:130,0
DA:133,0
DA:142,0
DA:146,0
DA:147,0
DA:148,0
DA:149,0
DA:150,0
DA:151,0
DA:154,0
DA:157,0
DA:158,0
DA:161,0
DA:164,0
DA:165,0
DA:166,0
DA:167,0
DA:168,0
DA:170,0
DA:173,0
DA:174,0
DA:176,0
DA:180,0
DA:181,0
DA:184,0
DA:187,0
DA:188,0
DA:191,0
DA:196,0
DA:197,0
DA:199,0
DA:205,0
DA:207,0
DA:208,0
DA:209,0
DA:210,0
DA:213,0
DA:214,0
DA:216,0
DA:224,0
DA:228,0
DA:229,0
DA:231,0
DA:232,0
DA:237,0
DA:239,0
DA:245,0
DA:252,0
DA:260,0
DA:266,0
DA:271,0
DA:272,0
DA:277,0
DA:284,0
DA:290,0
DA:291,0
DA:296,0
DA:304,0
DA:311,0
DA:312,0
DA:317,0
DA:318,0
DA:319,0
LF:108
LH:0
end_of_record
SF:lib\core\services\gps_service_impl.dart
DA:45,0
DA:47,0
DA:50,0
DA:52,0
DA:54,0
DA:55,0
DA:58,0
DA:59,0
DA:61,0
DA:65,0
DA:70,0
DA:73,0
DA:74,0
DA:75,0
DA:77,0
DA:81,0
DA:86,0
DA:89,0
DA:90,0
DA:94,0
DA:99,0
DA:102,0
DA:105,0
DA:106,0
DA:110,0
DA:111,0
DA:115,0
DA:119,0
DA:120,0
DA:124,0
DA:125,0
DA:127,0
DA:128,0
DA:130,0
DA:131,0
DA:134,0
DA:139,0
DA:142,0
DA:144,0
DA:145,0
DA:149,0
DA:152,0
DA:154,0
DA:155,0
DA:156,0
DA:159,0
DA:160,0
DA:161,0
DA:163,0
DA:166,0
DA:167,0
DA:168,0
DA:173,0
DA:178,0
DA:181,0
DA:183,0
DA:184,0
DA:186,0
DA:187,0
DA:190,0
DA:194,0
DA:196,0
DA:197,0
DA:200,0
DA:205,0
DA:208,0
DA:211,0
DA:214,0
DA:215,0
DA:220,0
DA:225,0
DA:228,0
DA:230,0
DA:233,0
DA:234,0
DA:237,0
DA:241,0
DA:244,0
DA:246,0
DA:247,0
DA:250,0
DA:251,0
DA:255,0
DA:258,0
DA:260,0
DA:261,0
DA:262,0
DA:263,0
DA:266,0
DA:267,0
DA:271,0
DA:274,0
DA:276,0
DA:277,0
DA:280,0
DA:287,0
DA:288,0
DA:291,0
DA:292,0
DA:297,0
DA:298,0
DA:301,0
DA:302,0
DA:307,0
DA:308,0
DA:309,0
DA:310,0
DA:311,0
DA:315,0
DA:328,0
DA:331,0
DA:332,0
DA:335,0
DA:336,0
DA:340,0
DA:343,0
DA:344,0
DA:347,0
DA:348,0
DA:352,0
DA:355,0
DA:356,0
DA:359,0
DA:360,0
DA:366,0
DA:369,0
DA:372,0
DA:373,0
DA:375,0
DA:379,0
DA:380,0
DA:384,0
DA:387,0
DA:389,0
DA:390,0
DA:394,0
DA:397,0
DA:402,0
DA:405,0
DA:407,0
DA:408,0
DA:412,0
DA:415,0
DA:423,0
DA:424,0
DA:435,0
DA:445,0
DA:454,0
DA:455,0
DA:456,0
DA:460,0
DA:461,0
DA:462,0
DA:463,0
DA:466,0
DA:468,0
DA:471,0
DA:477,0
DA:478,0
DA:479,0
DA:481,0
DA:484,0
DA:490,0
DA:494,0
DA:495,0
DA:496,0
DA:499,0
DA:500,0
DA:502,0
DA:506,0
DA:510,0
DA:511,0
DA:512,0
DA:514,0
DA:518,0
DA:519,0
DA:520,0
DA:521,0
DA:522,0
DA:523,0
DA:524,0
DA:525,0
DA:526,0
DA:532,0
DA:534,0
LF:185
LH:0
end_of_record
SF:lib\core\services\gps_service_win32.dart
DA:29,0
DA:31,0
DA:36,0
DA:39,0
DA:44,0
DA:47,0
DA:52,0
DA:57,0
DA:60,0
DA:65,0
DA:70,0
DA:73,0
DA:78,0
DA:80,0
DA:85,0
DA:88,0
DA:91,0
DA:96,0
DA:99,0
DA:101,0
DA:102,0
DA:106,0
DA:107,0
DA:110,0
DA:111,0
DA:112,0
DA:116,0
DA:117,0
DA:118,0
DA:122,0
DA:126,0
DA:128,0
DA:129,0
DA:130,0
DA:131,0
DA:133,0
DA:134,0
DA:135,0
DA:139,0
DA:141,0
DA:142,0
DA:144,0
DA:149,0
DA:152,0
DA:155,0
DA:158,0
DA:159,0
DA:164,0
DA:169,0
DA:172,0
DA:174,0
DA:177,0
DA:178,0
DA:181,0
DA:185,0
DA:188,0
DA:190,0
DA:191,0
DA:194,0
DA:195,0
DA:199,0
DA:202,0
DA:204,0
DA:205,0
DA:206,0
DA:207,0
DA:212,0
DA:213,0
DA:217,0
DA:220,0
DA:222,0
DA:223,0
DA:226,0
DA:230,0
DA:233,0
DA:234,0
DA:237,0
DA:238,0
DA:249,0
DA:252,0
DA:253,0
DA:256,0
DA:266,0
DA:269,0
DA:270,0
DA:273,0
DA:282,0
DA:285,0
DA:289,0
DA:290,0
DA:292,0
DA:296,0
DA:297,0
DA:301,0
DA:304,0
DA:306,0
DA:307,0
DA:312,0
DA:313,0
DA:314,0
DA:320,0
DA:321,0
DA:324,0
DA:325,0
DA:327,0
DA:329,0
DA:332,0
DA:337,0
DA:342,0
DA:345,0
DA:347,0
DA:348,0
DA:352,0
DA:356,0
DA:357,0
DA:358,0
DA:360,0
DA:362,0
DA:365,0
DA:370,0
DA:378,0
DA:379,0
DA:382,0
DA:384,0
DA:388,0
DA:389,0
DA:392,0
DA:393,0
DA:398,0
DA:399,0
DA:400,0
DA:402,0
DA:403,0
DA:408,0
DA:409,0
DA:411,0
DA:412,0
DA:413,0
DA:414,0
DA:418,0
DA:419,0
DA:420,0
LF:142
LH:0
end_of_record
SF:lib\core\services\navigation_service_impl.dart
DA:17,0
DA:21,0
DA:24,0
DA:27,0
DA:28,0
DA:35,0
DA:36,0
DA:37,0
DA:38,0
DA:39,0
DA:43,0
DA:44,0
DA:45,0
DA:49,0
DA:50,0
DA:54,0
DA:55,0
DA:56,0
DA:64,0
DA:67,0
DA:70,0
DA:71,0
DA:77,0
DA:78,0
DA:80,0
DA:81,0
DA:82,0
DA:90,0
DA:93,0
DA:94,0
DA:95,0
DA:97,0
DA:98,0
DA:106,0
DA:109,0
DA:112,0
DA:113,0
DA:114,0
DA:115,0
DA:118,0
DA:119,0
DA:121,0
DA:122,0
DA:123,0
DA:131,0
DA:134,0
DA:136,0
DA:137,0
DA:138,0
DA:140,0
DA:143,0
DA:144,0
DA:152,0
DA:155,0
DA:158,0
DA:159,0
DA:160,0
DA:161,0
DA:164,0
DA:165,0
DA:167,0
DA:168,0
DA:169,0
DA:177,0
DA:180,0
DA:181,0
DA:183,0
DA:184,0
DA:185,0
DA:187,0
DA:188,0
DA:189,0
DA:191,0
DA:192,0
DA:195,0
DA:199,0
DA:200,0
DA:201,0
DA:209,0
DA:212,0
DA:213,0
DA:218,0
DA:219,0
DA:220,0
DA:221,0
DA:223,0
DA:224,0
DA:225,0
DA:227,0
DA:228,0
DA:231,0
DA:235,0
DA:236,0
DA:237,0
DA:246,0
DA:247,0
DA:248,0
DA:253,0
DA:254,0
DA:262,0
DA:265,0
DA:268,0
LF:102
LH:0
end_of_record
SF:lib\core\state\settings_state.dart
DA:24,4
DA:39,0
DA:53,0
DA:54,0
DA:55,0
DA:56,0
DA:57,0
DA:58,0
DA:59,0
DA:60,0
DA:61,0
DA:62,0
DA:63,0
DA:64,0
DA:65,0
DA:70,0
DA:71,0
DA:72,0
DA:73,0
DA:74,0
DA:75,0
DA:76,0
DA:77,0
DA:78,0
DA:79,0
DA:80,0
DA:81,0
DA:82,0
DA:83,0
DA:88,0
DA:89,0
DA:90,0
DA:91,0
DA:92,0
DA:94,0
DA:95,0
DA:96,0
DA:97,0
DA:98,0
DA:99,0
DA:100,0
DA:101,0
DA:102,0
DA:103,0
DA:104,0
DA:108,0
DA:111,0
DA:112,0
DA:113,0
DA:114,0
DA:115,0
DA:116,0
DA:117,0
DA:118,0
DA:119,0
DA:120,0
DA:121,0
DA:122,0
DA:123,0
DA:124,0
DA:126,0
DA:128,0
DA:129,0
DA:130,0
DA:131,0
DA:132,0
DA:133,0
DA:134,0
DA:135,0
DA:136,0
DA:137,0
DA:138,0
DA:139,0
DA:141,0
DA:143,0
DA:144,0
DA:145,0
DA:146,0
DA:147,0
DA:158,0
DA:163,0
DA:164,0
DA:168,0
DA:170,0
DA:171,0
DA:172,0
DA:174,0
DA:175,0
DA:180,0
DA:182,0
DA:185,0
DA:188,0
DA:189,0
DA:194,0
DA:196,0
DA:198,0
DA:199,0
DA:202,0
DA:203,0
DA:208,0
DA:210,0
DA:211,0
DA:212,0
DA:214,0
DA:219,0
DA:221,0
DA:222,0
DA:223,0
DA:225,0
DA:230,0
DA:232,0
DA:233,0
DA:236,0
DA:237,0
DA:238,0
DA:240,0
DA:245,0
DA:247,0
DA:248,0
DA:249,0
DA:251,0
DA:256,0
DA:258,0
DA:259,0
DA:260,0
DA:262,0
DA:267,0
DA:269,0
DA:270,0
DA:273,0
DA:274,0
DA:275,0
DA:277,0
DA:282,0
DA:284,0
DA:285,0
DA:286,0
DA:288,0
DA:293,0
DA:295,0
DA:296,0
DA:297,0
DA:299,0
DA:304,0
DA:306,0
DA:307,0
DA:310,0
DA:311,0
DA:312,0
DA:314,0
DA:319,0
DA:321,0
DA:322,0
DA:325,0
DA:326,0
DA:327,0
DA:329,0
DA:334,0
DA:336,0
DA:337,0
DA:338,0
DA:340,0
DA:345,0
DA:347,0
DA:348,0
DA:349,0
DA:351,0
DA:356,0
DA:358,0
DA:359,0
DA:360,0
DA:362,0
LF:172
LH:1
end_of_record
SF:lib\core\services\settings_service_impl.dart
DA:21,0
DA:28,0
DA:29,0
DA:30,0
DA:38,0
DA:39,0
DA:40,0
DA:45,0
DA:46,0
DA:47,0
DA:49,0
DA:50,0
DA:53,0
DA:54,0
DA:61,0
DA:62,0
DA:63,0
DA:67,0
DA:68,0
DA:69,0
DA:72,0
DA:75,0
DA:76,0
DA:79,0
DA:84,0
DA:86,0
DA:91,0
DA:92,0
DA:93,0
DA:100,0
DA:103,0
DA:104,0
DA:107,0
DA:109,0
DA:111,0
DA:117,0
DA:118,0
DA:120,0
DA:121,0
DA:122,0
DA:123,0
DA:130,0
DA:133,0
DA:134,0
DA:136,0
DA:137,0
DA:141,0
DA:142,0
DA:143,0
DA:145,0
DA:146,0
DA:147,0
DA:154,0
DA:157,0
DA:158,0
DA:161,0
DA:166,0
DA:167,0
DA:171,0
DA:172,0
DA:173,0
DA:180,0
DA:183,0
DA:184,0
DA:186,0
DA:188,0
DA:194,0
DA:195,0
DA:197,0
DA:198,0
DA:199,0
DA:200,0
DA:207,0
DA:210,0
DA:211,0
DA:214,0
DA:219,0
DA:220,0
DA:224,0
DA:225,0
DA:226,0
DA:233,0
DA:236,0
DA:237,0
DA:240,0
DA:242,0
DA:244,0
DA:250,0
DA:251,0
DA:253,0
DA:254,0
DA:255,0
DA:256,0
DA:263,0
DA:266,0
DA:267,0
DA:270,0
DA:275,0
DA:276,0
DA:280,0
DA:281,0
DA:282,0
DA:289,0
DA:292,0
DA:293,0
DA:296,0
DA:298,0
DA:300,0
DA:306,0
DA:307,0
DA:309,0
DA:310,0
DA:311,0
DA:312,0
DA:319,0
DA:322,0
DA:324,0
DA:325,0
DA:327,0
DA:328,0
DA:332,0
DA:333,0
DA:334,0
DA:336,0
DA:339,0
DA:340,0
DA:348,0
DA:351,0
DA:354,0
DA:357,0
DA:358,0
DA:359,0
DA:362,0
DA:367,0
DA:368,0
DA:369,0
DA:370,0
DA:371,0
DA:372,0
DA:373,0
DA:374,0
DA:378,0
DA:380,0
DA:381,0
DA:382,0
DA:390,0
DA:393,0
DA:395,0
DA:396,0
DA:397,0
DA:401,0
DA:402,0
DA:404,0
DA:406,0
DA:407,0
DA:415,0
DA:418,0
DA:421,0
DA:422,0
DA:423,0
DA:424,0
DA:425,0
DA:426,0
DA:427,0
DA:428,0
DA:429,0
DA:430,0
DA:431,0
DA:432,0
DA:434,0
DA:436,0
DA:437,0
DA:445,0
DA:448,0
DA:449,0
DA:450,0
DA:451,0
DA:454,0
DA:456,0
DA:457,0
DA:458,0
DA:459,0
DA:460,0
DA:461,0
DA:462,0
DA:463,0
DA:464,0
DA:465,0
DA:466,0
DA:469,0
DA:470,0
DA:478,0
DA:481,0
DA:482,0
DA:483,0
DA:484,0
DA:485,0
DA:486,0
DA:487,0
DA:488,0
DA:489,0
DA:490,0
DA:491,0
DA:492,0
DA:494,0
DA:496,0
DA:497,0
DA:506,0
DA:507,0
DA:511,0
DA:512,0
DA:516,0
DA:518,0
DA:519,0
DA:520,0
DA:521,0
DA:526,0
DA:527,0
DA:528,0
DA:529,0
DA:538,0
DA:540,0
DA:541,0
DA:542,0
DA:543,0
DA:552,0
DA:554,0
DA:555,0
DA:556,0
DA:557,0
DA:562,0
DA:563,0
DA:564,0
DA:565,0
DA:574,0
DA:576,0
DA:577,0
DA:578,0
DA:579,0
DA:586,0
DA:587,0
DA:588,0
DA:589,0
DA:596,0
DA:597,0
DA:598,0
DA:599,0
DA:606,0
DA:607,0
DA:608,0
DA:609,0
LF:251
LH:0
end_of_record
SF:lib\core\state\app_state.dart
DA:22,4
DA:36,0
DA:49,0
DA:50,0
DA:51,0
DA:52,0
DA:53,0
DA:54,0
DA:55,0
DA:56,0
DA:57,0
DA:58,0
DA:59,0
DA:60,0
DA:64,0
DA:67,0
DA:68,0
DA:69,0
DA:70,0
DA:71,0
DA:72,0
DA:73,0
DA:74,0
DA:75,0
DA:76,0
DA:77,0
DA:78,0
DA:79,0
DA:81,0
DA:83,0
DA:84,0
DA:85,0
DA:86,0
DA:87,0
DA:88,0
DA:89,0
DA:90,0
DA:91,0
DA:92,0
DA:93,0
DA:95,0
DA:97,0
DA:98,0
DA:99,0
DA:100,0
DA:101,0
DA:102,0
DA:103,0
DA:104,0
DA:105,0
DA:106,0
DA:107,0
DA:108,0
DA:119,0
DA:121,0
DA:123,0
DA:125,0
LF:57
LH:1
end_of_record
SF:lib\core\state\app_state_notifier.dart
DA:15,0
DA:20,0
DA:21,0
DA:25,0
DA:27,0
DA:32,0
DA:33,0
DA:35,0
DA:36,0
DA:41,0
DA:43,0
DA:44,0
DA:46,0
DA:51,0
DA:54,0
DA:56,0
DA:57,0
DA:59,0
DA:64,0
DA:66,0
DA:67,0
DA:69,0
DA:74,0
DA:76,0
DA:77,0
DA:79,0
DA:84,0
DA:86,0
DA:87,0
DA:89,0
DA:94,0
DA:96,0
DA:97,0
DA:98,0
DA:100,0
DA:105,0
DA:107,0
DA:108,0
DA:109,0
DA:110,0
DA:111,0
DA:113,0
DA:118,0
DA:120,0
DA:121,0
DA:123,0
DA:128,0
DA:130,0
DA:131,0
DA:133,0
DA:138,0
DA:140,0
DA:141,0
DA:142,0
DA:144,0
DA:149,0
DA:151,0
DA:152,0
DA:153,0
DA:154,0
DA:155,0
DA:157,0
DA:162,0
DA:164,0
DA:165,0
DA:166,0
DA:167,0
DA:168,0
DA:170,0
DA:175,0
DA:177,0
DA:178,0
DA:180,0
DA:185,0
DA:187,0
DA:188,0
DA:190,0
DA:195,0
DA:197,0
DA:198,0
DA:200,0
LF:81
LH:0
end_of_record
SF:lib\core\services\noaa\noaa_api_client_impl.dart
DA:77,1
DA:84,2
DA:87,1
DA:89,2
DA:93,2
DA:96,1
DA:105,1
DA:109,2
DA:114,2
DA:115,0
DA:116,0
DA:118,0
DA:122,1
DA:123,2
DA:127,1
DA:128,1
DA:129,2
DA:132,2
DA:137,1
DA:139,2
DA:143,2
DA:146,1
DA:148,2
DA:150,1
DA:153,2
DA:154,0
DA:155,0
DA:158,0
DA:159,0
DA:161,0
DA:166,2
DA:168,2
DA:169,0
DA:173,1
DA:174,2
DA:178,1
DA:179,3
DA:180,2
DA:183,0
DA:184,0
DA:188,2
DA:194,1
DA:196,2
DA:200,2
DA:203,1
DA:205,2
DA:207,1
DA:210,2
DA:211,2
DA:215,1
DA:216,3
DA:217,2
DA:222,0
DA:227,0
DA:233,1
DA:239,3
DA:243,2
DA:246,1
DA:247,2
DA:250,1
DA:251,2
DA:254,1
DA:257,2
DA:261,1
DA:262,1
DA:263,1
DA:266,1
DA:269,1
DA:270,1
DA:276,3
DA:279,1
DA:280,1
DA:281,1
DA:284,1
DA:285,3
DA:288,1
DA:290,2
DA:291,1
DA:293,1
DA:295,2
DA:296,1
DA:301,2
DA:305,0
DA:307,0
DA:309,0
DA:316,0
DA:318,0
DA:319,0
DA:320,0
DA:321,0
DA:325,0
DA:329,1
DA:330,2
DA:333,1
DA:335,1
DA:336,2
DA:341,1
DA:342,1
DA:343,1
DA:344,1
DA:345,1
DA:348,0
DA:349,0
DA:356,0
DA:357,0
DA:365,1
DA:366,1
DA:367,1
DA:370,1
DA:373,1
DA:374,1
DA:377,1
DA:379,1
DA:380,0
DA:382,1
DA:383,1
DA:384,1
DA:385,1
DA:388,1
DA:394,1
DA:395,1
DA:398,2
DA:399,1
DA:406,2
DA:407,2
DA:408,2
DA:410,1
DA:411,1
DA:412,1
DA:413,1
DA:416,1
DA:425,0
DA:428,0
DA:429,0
DA:434,1
DA:435,1
DA:436,1
DA:438,0
DA:440,0
DA:442,0
DA:444,0
DA:446,0
DA:454,1
DA:455,2
DA:456,1
DA:457,1
LF:146
LH:111
end_of_record
SF:lib\core\utils\rate_limiter.dart
DA:6,0
DA:26,0
DA:39,0
DA:43,0
DA:44,0
DA:46,0
DA:47,0
DA:65,0
DA:66,0
DA:67,0
DA:68,0
DA:69,0
DA:74,0
DA:75,0
DA:81,0
DA:82,0
DA:83,0
DA:89,0
DA:90,0
DA:92,0
DA:97,0
DA:98,0
DA:99,0
DA:101,0
DA:102,0
DA:112,0
DA:113,0
DA:115,0
DA:116,0
DA:118,0
DA:121,0
DA:122,0
DA:123,0
DA:126,0
DA:127,0
DA:128,0
DA:135,0
DA:137,0
DA:138,0
DA:140,0
DA:141,0
LF:41
LH:0
end_of_record
SF:lib\core\error\noaa_exceptions.dart
DA:9,2
DA:28,0
DA:30,0
DA:31,0
DA:33,0
DA:39,1
DA:40,1
DA:41,1
DA:44,1
DA:51,2
DA:53,2
DA:62,1
DA:65,1
DA:70,2
DA:78,1
DA:84,1
DA:88,1
DA:100,1
DA:105,1
DA:108,0
DA:112,0
DA:115,0
DA:116,0
DA:125,1
DA:128,1
DA:133,1
LF:26
LH:18
end_of_record
SF:lib\core\error\noaa_error_classifier.dart
DA:13,0
DA:19,1
DA:21,1
DA:22,0
DA:26,1
DA:27,1
DA:31,0
DA:36,0
DA:45,1
DA:46,1
DA:47,1
DA:48,1
DA:49,1
DA:50,1
DA:53,0
DA:56,0
DA:58,0
DA:62,0
DA:68,0
DA:74,0
DA:75,0
DA:84,0
DA:85,0
DA:86,0
DA:90,0
DA:95,0
DA:100,0
DA:105,0
DA:106,0
DA:110,0
DA:123,0
DA:124,0
DA:129,0
DA:134,0
DA:135,0
DA:137,0
DA:144,0
DA:149,0
DA:154,0
DA:168,1
DA:174,1
DA:176,1
DA:177,1
DA:179,1
DA:180,2
DA:181,1
DA:183,0
DA:184,0
DA:185,0
DA:187,0
DA:188,0
DA:191,0
DA:194,0
DA:195,0
DA:197,0
DA:198,0
DA:201,0
DA:206,0
DA:207,0
DA:208,0
DA:211,0
DA:217,1
DA:221,1
DA:222,1
DA:223,1
DA:224,1
DA:227,2
DA:228,1
DA:229,0
DA:230,0
LF:70
LH:24
end_of_record
